  main.cpp
C:\Users\Owi\Documents\GitHub\Vulkan-Level-Renderer-Code\Vulkan\../Gateware/Gateware.h(14691,3): warning C4250: 'GW::I::GWindowImplementation': inherits 'GW::I::GEventGeneratorImplementation::GW::I::GEventGeneratorImplementation::Register' via dominance
C:\Users\Owi\Documents\GitHub\Vulkan-Level-Renderer-Code\Vulkan\../Gateware/Gateware.h(4724,12): message : see declaration of 'GW::I::GEventGeneratorImplementation::Register'
C:\Users\Owi\Documents\GitHub\Vulkan-Level-Renderer-Code\Vulkan\../Gateware/Gateware.h(14691,3): warning C4250: 'GW::I::GWindowImplementation': inherits 'GW::I::GEventGeneratorImplementation::GW::I::GEventGeneratorImplementation::Deregister' via dominance
C:\Users\Owi\Documents\GitHub\Vulkan-Level-Renderer-Code\Vulkan\../Gateware/Gateware.h(4737,12): message : see declaration of 'GW::I::GEventGeneratorImplementation::Deregister'
C:\Users\Owi\Documents\GitHub\Vulkan-Level-Renderer-Code\Vulkan\../Gateware/Gateware.h(14691,3): warning C4250: 'GW::I::GWindowImplementation': inherits 'GW::I::GEventGeneratorImplementation::GW::I::GEventGeneratorImplementation::Observers' via dominance
C:\Users\Owi\Documents\GitHub\Vulkan-Level-Renderer-Code\Vulkan\../Gateware/Gateware.h(4760,12): message : see declaration of 'GW::I::GEventGeneratorImplementation::Observers'
C:\Users\Owi\Documents\GitHub\Vulkan-Level-Renderer-Code\Vulkan\../Gateware/Gateware.h(14691,3): warning C4250: 'GW::I::GWindowImplementation': inherits 'GW::I::GEventGeneratorImplementation::GW::I::GEventGeneratorImplementation::Push' via dominance
C:\Users\Owi\Documents\GitHub\Vulkan-Level-Renderer-Code\Vulkan\../Gateware/Gateware.h(4768,12): message : see declaration of 'GW::I::GEventGeneratorImplementation::Push'
C:\Users\Owi\Documents\GitHub\Vulkan-Level-Renderer-Code\Vulkan\../Gateware/Gateware.h(59715,3): warning C4250: 'GW::I::GRasterSurfaceImplementation': inherits 'GW::I::GEventResponderImplementation::GW::I::GEventResponderImplementation::Assign' via dominance
C:\Users\Owi\Documents\GitHub\Vulkan-Level-Renderer-Code\Vulkan\../Gateware/Gateware.h(4073,12): message : see declaration of 'GW::I::GEventResponderImplementation::Assign'
C:\Users\Owi\Documents\GitHub\Vulkan-Level-Renderer-Code\Vulkan\../Gateware/Gateware.h(59715,3): warning C4250: 'GW::I::GRasterSurfaceImplementation': inherits 'GW::I::GEventResponderImplementation::GW::I::GEventResponderImplementation::Invoke' via dominance
C:\Users\Owi\Documents\GitHub\Vulkan-Level-Renderer-Code\Vulkan\../Gateware/Gateware.h(4082,12): message : see declaration of 'GW::I::GEventResponderImplementation::Invoke'
C:\Users\Owi\Documents\GitHub\Vulkan-Level-Renderer-Code\Vulkan\../Gateware/Gateware.h(63880,9): warning C4250: 'GW::I::GVulkanSurfaceImplementation': inherits 'GW::I::GEventGeneratorImplementation::GW::I::GEventGeneratorImplementation::Register' via dominance
C:\Users\Owi\Documents\GitHub\Vulkan-Level-Renderer-Code\Vulkan\../Gateware/Gateware.h(4724,12): message : see declaration of 'GW::I::GEventGeneratorImplementation::Register'
C:\Users\Owi\Documents\GitHub\Vulkan-Level-Renderer-Code\Vulkan\../Gateware/Gateware.h(63880,9): warning C4250: 'GW::I::GVulkanSurfaceImplementation': inherits 'GW::I::GEventGeneratorImplementation::GW::I::GEventGeneratorImplementation::Deregister' via dominance
C:\Users\Owi\Documents\GitHub\Vulkan-Level-Renderer-Code\Vulkan\../Gateware/Gateware.h(4737,12): message : see declaration of 'GW::I::GEventGeneratorImplementation::Deregister'
C:\Users\Owi\Documents\GitHub\Vulkan-Level-Renderer-Code\Vulkan\../Gateware/Gateware.h(63880,9): warning C4250: 'GW::I::GVulkanSurfaceImplementation': inherits 'GW::I::GEventGeneratorImplementation::GW::I::GEventGeneratorImplementation::Observers' via dominance
C:\Users\Owi\Documents\GitHub\Vulkan-Level-Renderer-Code\Vulkan\../Gateware/Gateware.h(4760,12): message : see declaration of 'GW::I::GEventGeneratorImplementation::Observers'
C:\Users\Owi\Documents\GitHub\Vulkan-Level-Renderer-Code\Vulkan\../Gateware/Gateware.h(63880,9): warning C4250: 'GW::I::GVulkanSurfaceImplementation': inherits 'GW::I::GEventGeneratorImplementation::GW::I::GEventGeneratorImplementation::Push' via dominance
C:\Users\Owi\Documents\GitHub\Vulkan-Level-Renderer-Code\Vulkan\../Gateware/Gateware.h(4768,12): message : see declaration of 'GW::I::GEventGeneratorImplementation::Push'
C:\Users\Owi\Documents\GitHub\Vulkan-Level-Renderer-Code\Vulkan\../Gateware/Gateware.h(64914,9): warning C4250: 'GW::I::GAudioImplementation': inherits 'GW::I::GEventGeneratorImplementation::GW::I::GEventGeneratorImplementation::Register' via dominance
C:\Users\Owi\Documents\GitHub\Vulkan-Level-Renderer-Code\Vulkan\../Gateware/Gateware.h(4724,12): message : see declaration of 'GW::I::GEventGeneratorImplementation::Register'
C:\Users\Owi\Documents\GitHub\Vulkan-Level-Renderer-Code\Vulkan\../Gateware/Gateware.h(64914,9): warning C4250: 'GW::I::GAudioImplementation': inherits 'GW::I::GEventGeneratorImplementation::GW::I::GEventGeneratorImplementation::Deregister' via dominance
C:\Users\Owi\Documents\GitHub\Vulkan-Level-Renderer-Code\Vulkan\../Gateware/Gateware.h(4737,12): message : see declaration of 'GW::I::GEventGeneratorImplementation::Deregister'
C:\Users\Owi\Documents\GitHub\Vulkan-Level-Renderer-Code\Vulkan\../Gateware/Gateware.h(64914,9): warning C4250: 'GW::I::GAudioImplementation': inherits 'GW::I::GEventGeneratorImplementation::GW::I::GEventGeneratorImplementation::Observers' via dominance
C:\Users\Owi\Documents\GitHub\Vulkan-Level-Renderer-Code\Vulkan\../Gateware/Gateware.h(4760,12): message : see declaration of 'GW::I::GEventGeneratorImplementation::Observers'
C:\Users\Owi\Documents\GitHub\Vulkan-Level-Renderer-Code\Vulkan\../Gateware/Gateware.h(64914,9): warning C4250: 'GW::I::GAudioImplementation': inherits 'GW::I::GEventGeneratorImplementation::GW::I::GEventGeneratorImplementation::Push' via dominance
C:\Users\Owi\Documents\GitHub\Vulkan-Level-Renderer-Code\Vulkan\../Gateware/Gateware.h(4768,12): message : see declaration of 'GW::I::GEventGeneratorImplementation::Push'
C:\Users\Owi\Documents\GitHub\Vulkan-Level-Renderer-Code\Vulkan\../Gateware/Gateware.h(65077,3): warning C4250: 'GW::I::GAudio3DImplementation': inherits 'GW::I::GEventGeneratorImplementation::GW::I::GEventGeneratorImplementation::Register' via dominance
C:\Users\Owi\Documents\GitHub\Vulkan-Level-Renderer-Code\Vulkan\../Gateware/Gateware.h(4724,12): message : see declaration of 'GW::I::GEventGeneratorImplementation::Register'
C:\Users\Owi\Documents\GitHub\Vulkan-Level-Renderer-Code\Vulkan\../Gateware/Gateware.h(65077,3): warning C4250: 'GW::I::GAudio3DImplementation': inherits 'GW::I::GEventGeneratorImplementation::GW::I::GEventGeneratorImplementation::Deregister' via dominance
C:\Users\Owi\Documents\GitHub\Vulkan-Level-Renderer-Code\Vulkan\../Gateware/Gateware.h(4737,12): message : see declaration of 'GW::I::GEventGeneratorImplementation::Deregister'
C:\Users\Owi\Documents\GitHub\Vulkan-Level-Renderer-Code\Vulkan\../Gateware/Gateware.h(65077,3): warning C4250: 'GW::I::GAudio3DImplementation': inherits 'GW::I::GEventGeneratorImplementation::GW::I::GEventGeneratorImplementation::Observers' via dominance
C:\Users\Owi\Documents\GitHub\Vulkan-Level-Renderer-Code\Vulkan\../Gateware/Gateware.h(4760,12): message : see declaration of 'GW::I::GEventGeneratorImplementation::Observers'
C:\Users\Owi\Documents\GitHub\Vulkan-Level-Renderer-Code\Vulkan\../Gateware/Gateware.h(65077,3): warning C4250: 'GW::I::GAudio3DImplementation': inherits 'GW::I::GEventGeneratorImplementation::GW::I::GEventGeneratorImplementation::Push' via dominance
C:\Users\Owi\Documents\GitHub\Vulkan-Level-Renderer-Code\Vulkan\../Gateware/Gateware.h(4768,12): message : see declaration of 'GW::I::GEventGeneratorImplementation::Push'
C:\Users\Owi\Documents\GitHub\Vulkan-Level-Renderer-Code\Vulkan\../Gateware/Gateware.h(65077,3): warning C4250: 'GW::I::GAudio3DImplementation': inherits 'GW::I::GAudioImplementation::GW::I::GAudioImplementation::SetMasterVolume' via dominance
C:\Users\Owi\Documents\GitHub\Vulkan-Level-Renderer-Code\Vulkan\../Gateware/Gateware.h(64743,21): message : see declaration of 'GW::I::GAudioImplementation::SetMasterVolume'
C:\Users\Owi\Documents\GitHub\Vulkan-Level-Renderer-Code\Vulkan\../Gateware/Gateware.h(65077,3): warning C4250: 'GW::I::GAudio3DImplementation': inherits 'GW::I::GAudioImplementation::GW::I::GAudioImplementation::SetGlobalSoundVolume' via dominance
C:\Users\Owi\Documents\GitHub\Vulkan-Level-Renderer-Code\Vulkan\../Gateware/Gateware.h(64763,12): message : see declaration of 'GW::I::GAudioImplementation::SetGlobalSoundVolume'
C:\Users\Owi\Documents\GitHub\Vulkan-Level-Renderer-Code\Vulkan\../Gateware/Gateware.h(65077,3): warning C4250: 'GW::I::GAudio3DImplementation': inherits 'GW::I::GAudioImplementation::GW::I::GAudioImplementation::SetGlobalMusicVolume' via dominance
C:\Users\Owi\Documents\GitHub\Vulkan-Level-Renderer-Code\Vulkan\../Gateware/Gateware.h(64783,12): message : see declaration of 'GW::I::GAudioImplementation::SetGlobalMusicVolume'
C:\Users\Owi\Documents\GitHub\Vulkan-Level-Renderer-Code\Vulkan\../Gateware/Gateware.h(65077,3): warning C4250: 'GW::I::GAudio3DImplementation': inherits 'GW::I::GAudioImplementation::GW::I::GAudioImplementation::SetSoundsChannelVolumes' via dominance
C:\Users\Owi\Documents\GitHub\Vulkan-Level-Renderer-Code\Vulkan\../Gateware/Gateware.h(64803,21): message : see declaration of 'GW::I::GAudioImplementation::SetSoundsChannelVolumes'
C:\Users\Owi\Documents\GitHub\Vulkan-Level-Renderer-Code\Vulkan\../Gateware/Gateware.h(65077,3): warning C4250: 'GW::I::GAudio3DImplementation': inherits 'GW::I::GAudioImplementation::GW::I::GAudioImplementation::SetMusicChannelVolumes' via dominance
C:\Users\Owi\Documents\GitHub\Vulkan-Level-Renderer-Code\Vulkan\../Gateware/Gateware.h(64825,12): message : see declaration of 'GW::I::GAudioImplementation::SetMusicChannelVolumes'
C:\Users\Owi\Documents\GitHub\Vulkan-Level-Renderer-Code\Vulkan\../Gateware/Gateware.h(65077,3): warning C4250: 'GW::I::GAudio3DImplementation': inherits 'GW::I::GAudioImplementation::GW::I::GAudioImplementation::PlaySounds' via dominance
C:\Users\Owi\Documents\GitHub\Vulkan-Level-Renderer-Code\Vulkan\../Gateware/Gateware.h(64848,12): message : see declaration of 'GW::I::GAudioImplementation::PlaySounds'
C:\Users\Owi\Documents\GitHub\Vulkan-Level-Renderer-Code\Vulkan\../Gateware/Gateware.h(65077,3): warning C4250: 'GW::I::GAudio3DImplementation': inherits 'GW::I::GAudioImplementation::GW::I::GAudioImplementation::PauseSounds' via dominance
C:\Users\Owi\Documents\GitHub\Vulkan-Level-Renderer-Code\Vulkan\../Gateware/Gateware.h(64856,21): message : see declaration of 'GW::I::GAudioImplementation::PauseSounds'
C:\Users\Owi\Documents\GitHub\Vulkan-Level-Renderer-Code\Vulkan\../Gateware/Gateware.h(65077,3): warning C4250: 'GW::I::GAudio3DImplementation': inherits 'GW::I::GAudioImplementation::GW::I::GAudioImplementation::ResumeSounds' via dominance
C:\Users\Owi\Documents\GitHub\Vulkan-Level-Renderer-Code\Vulkan\../Gateware/Gateware.h(64864,12): message : see declaration of 'GW::I::GAudioImplementation::ResumeSounds'
C:\Users\Owi\Documents\GitHub\Vulkan-Level-Renderer-Code\Vulkan\../Gateware/Gateware.h(65077,3): warning C4250: 'GW::I::GAudio3DImplementation': inherits 'GW::I::GAudioImplementation::GW::I::GAudioImplementation::StopSounds' via dominance
C:\Users\Owi\Documents\GitHub\Vulkan-Level-Renderer-Code\Vulkan\../Gateware/Gateware.h(64872,21): message : see declaration of 'GW::I::GAudioImplementation::StopSounds'
C:\Users\Owi\Documents\GitHub\Vulkan-Level-Renderer-Code\Vulkan\../Gateware/Gateware.h(65077,3): warning C4250: 'GW::I::GAudio3DImplementation': inherits 'GW::I::GAudioImplementation::GW::I::GAudioImplementation::PlayMusic' via dominance
C:\Users\Owi\Documents\GitHub\Vulkan-Level-Renderer-Code\Vulkan\../Gateware/Gateware.h(64882,12): message : see declaration of 'GW::I::GAudioImplementation::PlayMusic'
C:\Users\Owi\Documents\GitHub\Vulkan-Level-Renderer-Code\Vulkan\../Gateware/Gateware.h(65077,3): warning C4250: 'GW::I::GAudio3DImplementation': inherits 'GW::I::GAudioImplementation::GW::I::GAudioImplementation::PauseMusic' via dominance
C:\Users\Owi\Documents\GitHub\Vulkan-Level-Renderer-Code\Vulkan\../Gateware/Gateware.h(64890,12): message : see declaration of 'GW::I::GAudioImplementation::PauseMusic'
C:\Users\Owi\Documents\GitHub\Vulkan-Level-Renderer-Code\Vulkan\../Gateware/Gateware.h(65077,3): warning C4250: 'GW::I::GAudio3DImplementation': inherits 'GW::I::GAudioImplementation::GW::I::GAudioImplementation::ResumeMusic' via dominance
C:\Users\Owi\Documents\GitHub\Vulkan-Level-Renderer-Code\Vulkan\../Gateware/Gateware.h(64898,12): message : see declaration of 'GW::I::GAudioImplementation::ResumeMusic'
C:\Users\Owi\Documents\GitHub\Vulkan-Level-Renderer-Code\Vulkan\../Gateware/Gateware.h(65077,3): warning C4250: 'GW::I::GAudio3DImplementation': inherits 'GW::I::GAudioImplementation::GW::I::GAudioImplementation::StopMusic' via dominance
C:\Users\Owi\Documents\GitHub\Vulkan-Level-Renderer-Code\Vulkan\../Gateware/Gateware.h(64906,12): message : see declaration of 'GW::I::GAudioImplementation::StopMusic'
C:\Users\Owi\Documents\GitHub\Vulkan-Level-Renderer-Code\Vulkan\h2bParser.h(81,22): warning C4018: '<': signed/unsigned mismatch
C:\Users\Owi\Documents\GitHub\Vulkan-Level-Renderer-Code\Vulkan\h2bParser.h(96,22): warning C4018: '<': signed/unsigned mismatch
C:\Users\Owi\Documents\GitHub\Vulkan-Level-Renderer-Code\Vulkan\Model.h(124,27): warning C4244: 'argument': conversion from 'double' to '_Ty', possible loss of data
          with
          [
              _Ty=float
          ]
C:\Users\Owi\Documents\GitHub\Vulkan-Level-Renderer-Code\Vulkan\Model.h(120,12): warning C4996: 'strtok': This function or variable may be unsafe. Consider using strtok_s instead. To disable deprecation, use _CRT_SECURE_NO_WARNINGS. See online help for details.
C:\Users\Owi\Documents\GitHub\Vulkan-Level-Renderer-Code\Vulkan\Model.h(125,13): warning C4996: 'strtok': This function or variable may be unsafe. Consider using strtok_s instead. To disable deprecation, use _CRT_SECURE_NO_WARNINGS. See online help for details.
C:\Users\Owi\Documents\GitHub\Vulkan-Level-Renderer-Code\Vulkan\renderer.h(129,116): warning C4267: 'argument': conversion from 'size_t' to 'unsigned int', possible loss of data
C:\Users\Owi\Documents\GitHub\Vulkan-Level-Renderer-Code\Vulkan\renderer.h(134,117): warning C4267: 'argument': conversion from 'size_t' to 'unsigned int', possible loss of data
C:\Users\Owi\Documents\GitHub\Vulkan-Level-Renderer-Code\Vulkan\renderer.h(146,21): warning C4018: '<': signed/unsigned mismatch
C:\Users\Owi\Documents\GitHub\Vulkan-Level-Renderer-Code\Vulkan\renderer.h(151,97): warning C4267: 'argument': conversion from 'size_t' to 'unsigned int', possible loss of data
C:\Users\Owi\Documents\GitHub\Vulkan-Level-Renderer-Code\Vulkan\renderer.h(222,116): warning C4267: 'argument': conversion from 'size_t' to 'unsigned int', possible loss of data
C:\Users\Owi\Documents\GitHub\Vulkan-Level-Renderer-Code\Vulkan\renderer.h(227,117): warning C4267: 'argument': conversion from 'size_t' to 'unsigned int', possible loss of data
C:\Users\Owi\Documents\GitHub\Vulkan-Level-Renderer-Code\Vulkan\renderer.h(239,21): warning C4018: '<': signed/unsigned mismatch
C:\Users\Owi\Documents\GitHub\Vulkan-Level-Renderer-Code\Vulkan\renderer.h(244,97): warning C4267: 'argument': conversion from 'size_t' to 'unsigned int', possible loss of data
C:\Users\Owi\Documents\GitHub\Vulkan-Level-Renderer-Code\Vulkan\renderer.h(534,96): warning C4267: 'argument': conversion from 'size_t' to 'unsigned int', possible loss of data
C:\Users\Owi\Documents\GitHub\Vulkan-Level-Renderer-Code\Vulkan\renderer.h(543,28): warning C4838: conversion from 'int' to 'unsigned int' requires a narrowing conversion
C:\Users\Owi\Documents\GitHub\Vulkan-Level-Renderer-Code\Vulkan\renderer.h(543,31): warning C4838: conversion from 'int' to 'unsigned int' requires a narrowing conversion
C:\Users\Owi\Documents\GitHub\Vulkan-Level-Renderer-Code\Vulkan\renderer.h(599,29): warning C4244: 'initializing': conversion from 'float' to 'unsigned int', possible loss of data
C:\Users\Owi\Documents\GitHub\Vulkan-Level-Renderer-Code\Vulkan\renderer.h(601,28): warning C4244: 'initializing': conversion from 'float' to 'unsigned int', possible loss of data
C:\Users\Owi\Documents\GitHub\Vulkan-Level-Renderer-Code\Vulkan\renderer.h(673,20): warning C4244: 'initializing': conversion from 'double' to 'float', possible loss of data
C:\Users\Owi\Documents\GitHub\Vulkan-Level-Renderer-Code\Vulkan\renderer.h(676,21): warning C4244: 'initializing': conversion from 'double' to 'float', possible loss of data
C:\Users\Owi\Documents\GitHub\Vulkan-Level-Renderer-Code\Vulkan\renderer.h(682,19): warning C4244: 'initializing': conversion from 'double' to 'float', possible loss of data
C:\Users\Owi\Documents\GitHub\Vulkan-Level-Renderer-Code\Vulkan\../Gateware/Gateware.h(16886,4): warning C4244: 'argument': conversion from '_Ty' to 'float', possible loss of data
          with
          [
              _Ty=double
          ]
C:\Users\Owi\Documents\GitHub\Vulkan-Level-Renderer-Code\Vulkan\renderer.h(109,10): message : see reference to function template instantiation 'GW::GReturn GW::MATH::GMatrix::ProjectionVulkanLHF<double,float&,float,float,GW::MATH::GMATRIXF&>(double &&,float &,float &&,float &&,GW::MATH::GMATRIXF &)' being compiled
C:\Users\Owi\Documents\GitHub\Vulkan-Level-Renderer-Code\Vulkan\../Gateware/Gateware.h(1496,20): warning C4244: 'argument': conversion from '_Ty' to 'unsigned int', possible loss of data
          with
          [
              _Ty=unsigned __int64
          ]
C:\Users\Owi\Documents\GitHub\Vulkan-Level-Renderer-Code\Vulkan\../Gateware/Gateware.h(1597,12): message : see reference to function template instantiation 'GW::GReturn GW::I::GProxy<GW::I::GVulkanSurfaceInterface,GW::I::GVulkanSurfaceImplementation,GW::SYSTEM::GWindow,unsigned __int64>::allocate<GW::SYSTEM::GWindow,GW::GRAPHICS::GGraphicsInitOptions,unsigned __int64,const char**,int,nullptr,int,nullptr,bool>(GW::SYSTEM::GWindow &&,GW::GRAPHICS::GGraphicsInitOptions &&,unsigned __int64 &&,const char **&&,int &&,nullptr &&,int &&,nullptr &&,bool &&)' being compiled
C:\Users\Owi\Documents\GitHub\Vulkan-Level-Renderer-Code\Vulkan\main.cpp(47,14): message : see reference to function template instantiation 'GW::GReturn GW::I::GProxy<GW::I::GVulkanSurfaceInterface,GW::I::GVulkanSurfaceImplementation,GW::SYSTEM::GWindow,unsigned __int64>::Create<GW::SYSTEM::GWindow,GW::GRAPHICS::GGraphicsInitOptions,unsigned __int64,const char**,int,nullptr,int,nullptr,bool,std::enable_if<true,void>>(GW::SYSTEM::GWindow,GW::GRAPHICS::GGraphicsInitOptions,unsigned __int64,const char **,int,nullptr,int,nullptr,bool)' being compiled
C:\Users\Owi\Documents\GitHub\Vulkan-Level-Renderer-Code\Vulkan\main.cpp(47,3): message : see the first reference to 'GW::I::GProxy<GW::I::GVulkanSurfaceInterface,GW::I::GVulkanSurfaceImplementation,GW::SYSTEM::GWindow,unsigned __int64>::Create' in 'main'
C:\Users\Owi\Documents\GitHub\Vulkan-Level-Renderer-Code\Vulkan\Model.h(75): warning C4715: 'FileEndFix': not all control paths return a value
  Lab4_Vulkan.vcxproj -> C:\Users\Owi\Documents\GitHub\Vulkan-Level-Renderer-Code\Vulkan\build\Debug\Lab4_Vulkan.exe
